Build started 10/26/2012 11:23:18 PM.
     1>Project "E:\Univeristy_doc\Laptrinhgame\assignment\CoCaNgua\proj.win32\CoCaNgua.win32.vcxproj" on node 2 (build target(s)).
     1>InitializeBuildStatus:
         Touching "Release.win32\CoCaNgua.win32.unsuccessfulbuild".
       ClCompile:
         All outputs are up-to-date.
       ResourceCompile:
         All outputs are up-to-date.
       Link:
         C:\Program Files (x86)\Microsoft Visual Studio 10.0\VC\bin\link.exe /ERRORREPORT:PROMPT /OUT:"E:\Univeristy_doc\Laptrinhgame\cocos2d-2.0-x-2.0.3\Release.win32\CoCaNgua.win32.exe" /INCREMENTAL:NO /NOLOGO /LIBPATH:"E:\Univeristy_doc\Laptrinhgame\cocos2d-2.0-x-2.0.3\Release.win32\\" libcocos2d.lib libExtensions.lib opengl32.lib glew32.lib libBox2d.lib libCocosDenshion.lib kernel32.lib user32.lib gdi32.lib winspool.lib comdlg32.lib advapi32.lib shell32.lib ole32.lib oleaut32.lib uuid.lib odbc32.lib odbccp32.lib /MANIFEST /ManifestFile:"Release.win32\CoCaNgua.win32.exe.intermediate.manifest" /MANIFESTUAC:"level='asInvoker' uiAccess='false'" /PDB:"E:\Univeristy_doc\Laptrinhgame\cocos2d-2.0-x-2.0.3\Release.win32\CoCaNgua.win32.pdb" /SUBSYSTEM:WINDOWS /TLBID:1 /DYNAMICBASE /NXCOMPAT /IMPLIB:"E:\Univeristy_doc\Laptrinhgame\cocos2d-2.0-x-2.0.3\Release.win32\CoCaNgua.win32.lib" /MACHINE:X86 Release.win32\CoCaNgua.res
         Release.win32\AppDelegate.obj
         Release.win32\HelloWorldScene.obj
         Release.win32\AboutScene.obj
         Release.win32\Animals.obj
         Release.win32\AnimalUnit.obj
         Release.win32\Config.obj
         Release.win32\GameLogic.obj
         Release.win32\GameObject.obj
         Release.win32\GameOverScene.obj
         Release.win32\GameScene.obj
         Release.win32\GameWinScene.obj
         Release.win32\HelpScene.obj
         Release.win32\main.obj
         Release.win32\MapLocation.obj
         Release.win32\MenuScene.obj
         Release.win32\MusicHelper.obj
         Release.win32\OptionScene.obj
         Release.win32\RuleScene.obj
         Release.win32\TrailerScene.obj
         Release.win32\UnderBuildingScene.obj
         CoCaNgua.win32.vcxproj -> E:\Univeristy_doc\Laptrinhgame\cocos2d-2.0-x-2.0.3\Release.win32\CoCaNgua.win32.exe
       Manifest:
         C:\Program Files (x86)\Microsoft SDKs\Windows\v7.0A\bin\mt.exe /nologo /verbose /outputresource:"E:\Univeristy_doc\Laptrinhgame\cocos2d-2.0-x-2.0.3\Release.win32\CoCaNgua.win32.exe;#1" /manifest Release.win32\CoCaNgua.win32.exe.intermediate.manifest
       FinalizeBuildStatus:
         Deleting file "Release.win32\CoCaNgua.win32.unsuccessfulbuild".
         Touching "Release.win32\CoCaNgua.win32.lastbuildstate".
     1>Done Building Project "E:\Univeristy_doc\Laptrinhgame\assignment\CoCaNgua\proj.win32\CoCaNgua.win32.vcxproj" (build target(s)).

Build succeeded.

Time Elapsed 00:00:00.56
