E:\UNIVERISTY_DOC\LAPTRINHGAME\ASSIGNMENT\COCANGUA\PROJ.WIN32\RELEASE.WIN32\ABOUTSCENE.OBJ
E:\UNIVERISTY_DOC\LAPTRINHGAME\ASSIGNMENT\COCANGUA\PROJ.WIN32\RELEASE.WIN32\ANIMALS.OBJ
E:\UNIVERISTY_DOC\LAPTRINHGAME\ASSIGNMENT\COCANGUA\PROJ.WIN32\RELEASE.WIN32\ANIMALUNIT.OBJ
E:\UNIVERISTY_DOC\LAPTRINHGAME\ASSIGNMENT\COCANGUA\PROJ.WIN32\RELEASE.WIN32\APPDELEGATE.OBJ
E:\Univeristy_doc\Laptrinhgame\assignment\CoCaNgua\proj.win32\Release.win32\cl.command.1.tlog
E:\Univeristy_doc\Laptrinhgame\assignment\CoCaNgua\proj.win32\Release.win32\CL.read.1.tlog
E:\Univeristy_doc\Laptrinhgame\assignment\CoCaNgua\proj.win32\Release.win32\CL.write.1.tlog
E:\UNIVERISTY_DOC\LAPTRINHGAME\ASSIGNMENT\COCANGUA\PROJ.WIN32\RELEASE.WIN32\CLASSICGAMESCENE.OBJ
E:\UNIVERISTY_DOC\LAPTRINHGAME\ASSIGNMENT\COCANGUA\PROJ.WIN32\RELEASE.WIN32\COCANGUA.RES
E:\UNIVERISTY_DOC\LAPTRINHGAME\ASSIGNMENT\COCANGUA\PROJ.WIN32\RELEASE.WIN32\COCANGUA.WIN32.EXE.INTERMEDIATE.MANIFEST
E:\Univeristy_doc\Laptrinhgame\assignment\CoCaNgua\proj.win32\Release.win32\CoCaNgua.win32.write.1.tlog
E:\UNIVERISTY_DOC\LAPTRINHGAME\ASSIGNMENT\COCANGUA\PROJ.WIN32\RELEASE.WIN32\CONFIG.OBJ
E:\UNIVERISTY_DOC\LAPTRINHGAME\ASSIGNMENT\COCANGUA\PROJ.WIN32\RELEASE.WIN32\GAMELOGIC.OBJ
E:\UNIVERISTY_DOC\LAPTRINHGAME\ASSIGNMENT\COCANGUA\PROJ.WIN32\RELEASE.WIN32\GAMEOBJECT.OBJ
E:\UNIVERISTY_DOC\LAPTRINHGAME\ASSIGNMENT\COCANGUA\PROJ.WIN32\RELEASE.WIN32\GAMEOVERSCENE.OBJ
E:\UNIVERISTY_DOC\LAPTRINHGAME\ASSIGNMENT\COCANGUA\PROJ.WIN32\RELEASE.WIN32\GAMESCENE.OBJ
E:\UNIVERISTY_DOC\LAPTRINHGAME\ASSIGNMENT\COCANGUA\PROJ.WIN32\RELEASE.WIN32\GAMEWINSCENE.OBJ
E:\UNIVERISTY_DOC\LAPTRINHGAME\ASSIGNMENT\COCANGUA\PROJ.WIN32\RELEASE.WIN32\HELLOWORLDSCENE.OBJ
E:\UNIVERISTY_DOC\LAPTRINHGAME\ASSIGNMENT\COCANGUA\PROJ.WIN32\RELEASE.WIN32\HELPSCENE.OBJ
E:\Univeristy_doc\Laptrinhgame\assignment\CoCaNgua\proj.win32\Release.win32\link.command.1.tlog
E:\Univeristy_doc\Laptrinhgame\assignment\CoCaNgua\proj.win32\Release.win32\link.read.1.tlog
E:\Univeristy_doc\Laptrinhgame\assignment\CoCaNgua\proj.win32\Release.win32\link.write.1.tlog
E:\Univeristy_doc\Laptrinhgame\assignment\CoCaNgua\proj.win32\Release.win32\link-cvtres.read.1.tlog
E:\Univeristy_doc\Laptrinhgame\assignment\CoCaNgua\proj.win32\Release.win32\link-cvtres.write.1.tlog
E:\UNIVERISTY_DOC\LAPTRINHGAME\ASSIGNMENT\COCANGUA\PROJ.WIN32\RELEASE.WIN32\MAIN.OBJ
E:\UNIVERISTY_DOC\LAPTRINHGAME\ASSIGNMENT\COCANGUA\PROJ.WIN32\RELEASE.WIN32\MAP.OBJ
E:\UNIVERISTY_DOC\LAPTRINHGAME\ASSIGNMENT\COCANGUA\PROJ.WIN32\RELEASE.WIN32\MAP_CLASSIC.OBJ
E:\UNIVERISTY_DOC\LAPTRINHGAME\ASSIGNMENT\COCANGUA\PROJ.WIN32\RELEASE.WIN32\MAPLOCATION.OBJ
E:\UNIVERISTY_DOC\LAPTRINHGAME\ASSIGNMENT\COCANGUA\PROJ.WIN32\RELEASE.WIN32\MENUSCENE.OBJ
E:\Univeristy_doc\Laptrinhgame\assignment\CoCaNgua\proj.win32\Release.win32\mt.command.1.tlog
E:\Univeristy_doc\Laptrinhgame\assignment\CoCaNgua\proj.win32\Release.win32\mt.read.1.tlog
E:\Univeristy_doc\Laptrinhgame\assignment\CoCaNgua\proj.win32\Release.win32\mt.write.1.tlog
E:\UNIVERISTY_DOC\LAPTRINHGAME\ASSIGNMENT\COCANGUA\PROJ.WIN32\RELEASE.WIN32\MUSICHELPER.OBJ
E:\UNIVERISTY_DOC\LAPTRINHGAME\ASSIGNMENT\COCANGUA\PROJ.WIN32\RELEASE.WIN32\OPTIONSCENE.OBJ
E:\Univeristy_doc\Laptrinhgame\assignment\CoCaNgua\proj.win32\Release.win32\rc.command.1.tlog
E:\Univeristy_doc\Laptrinhgame\assignment\CoCaNgua\proj.win32\Release.win32\rc.read.1.tlog
E:\Univeristy_doc\Laptrinhgame\assignment\CoCaNgua\proj.win32\Release.win32\rc.write.1.tlog
E:\UNIVERISTY_DOC\LAPTRINHGAME\ASSIGNMENT\COCANGUA\PROJ.WIN32\RELEASE.WIN32\RULESCENE.OBJ
E:\UNIVERISTY_DOC\LAPTRINHGAME\ASSIGNMENT\COCANGUA\PROJ.WIN32\RELEASE.WIN32\TRAILERSCENE.OBJ
E:\UNIVERISTY_DOC\LAPTRINHGAME\ASSIGNMENT\COCANGUA\PROJ.WIN32\RELEASE.WIN32\UNDERBUILDINGSCENE.OBJ
E:\UNIVERISTY_DOC\LAPTRINHGAME\ASSIGNMENT\COCANGUA\PROJ.WIN32\RELEASE.WIN32\XINGAU.OBJ
E:\UNIVERISTY_DOC\LAPTRINHGAME\COCOS2D-2.0-X-2.0.3\RELEASE.WIN32\COCANGUA.WIN32.EXE
