Build started 10/17/2012 10:09:51 AM.
     1>Project "E:\Univeristy_doc\Laptrinhgame\assignment\CoCaNgua\proj.win32\CoCaNgua.win32.vcxproj" on node 2 (build target(s)).
     1>InitializeBuildStatus:
         Creating "Debug.win32\CoCaNgua.win32.unsuccessfulbuild" because "AlwaysCreate" was specified.
       ClCompile:
         All outputs are up-to-date.
       ResourceCompile:
         All outputs are up-to-date.
       ManifestResourceCompile:
         All outputs are up-to-date.
       Link:
         All outputs are up-to-date.
       Manifest:
         All outputs are up-to-date.
       FinalizeBuildStatus:
         Deleting file "Debug.win32\CoCaNgua.win32.unsuccessfulbuild".
         Touching "Debug.win32\CoCaNgua.win32.lastbuildstate".
     1>Done Building Project "E:\Univeristy_doc\Laptrinhgame\assignment\CoCaNgua\proj.win32\CoCaNgua.win32.vcxproj" (build target(s)).

Build succeeded.

Time Elapsed 00:00:00.28
