E:\UNIVERISTY_DOC\LAPTRINHGAME\ASSIGNMENT\COCANGUA\PROJ.WIN32\DEBUG.WIN32\ABOUTSCENE.OBJ
E:\UNIVERISTY_DOC\LAPTRINHGAME\ASSIGNMENT\COCANGUA\PROJ.WIN32\DEBUG.WIN32\ANIMALS.OBJ
E:\UNIVERISTY_DOC\LAPTRINHGAME\ASSIGNMENT\COCANGUA\PROJ.WIN32\DEBUG.WIN32\ANIMALUNIT.OBJ
E:\UNIVERISTY_DOC\LAPTRINHGAME\ASSIGNMENT\COCANGUA\PROJ.WIN32\DEBUG.WIN32\APPDELEGATE.OBJ
E:\Univeristy_doc\Laptrinhgame\assignment\CoCaNgua\proj.win32\Debug.win32\cl.command.1.tlog
E:\Univeristy_doc\Laptrinhgame\assignment\CoCaNgua\proj.win32\Debug.win32\CL.read.1.tlog
E:\Univeristy_doc\Laptrinhgame\assignment\CoCaNgua\proj.win32\Debug.win32\CL.write.1.tlog
E:\UNIVERISTY_DOC\LAPTRINHGAME\ASSIGNMENT\COCANGUA\PROJ.WIN32\DEBUG.WIN32\COCANGUA.RES
E:\UNIVERISTY_DOC\LAPTRINHGAME\ASSIGNMENT\COCANGUA\PROJ.WIN32\DEBUG.WIN32\COCANGUA.WIN32.EXE.EMBED.MANIFEST
E:\UNIVERISTY_DOC\LAPTRINHGAME\ASSIGNMENT\COCANGUA\PROJ.WIN32\DEBUG.WIN32\COCANGUA.WIN32.EXE.EMBED.MANIFEST.RES
E:\UNIVERISTY_DOC\LAPTRINHGAME\ASSIGNMENT\COCANGUA\PROJ.WIN32\DEBUG.WIN32\COCANGUA.WIN32.EXE.INTERMEDIATE.MANIFEST
E:\Univeristy_doc\Laptrinhgame\assignment\CoCaNgua\proj.win32\Debug.win32\CoCaNgua.win32.vcxprojResolveAssemblyReference.cache
E:\Univeristy_doc\Laptrinhgame\assignment\CoCaNgua\proj.win32\Debug.win32\CoCaNgua.win32.write.1.tlog
E:\Univeristy_doc\Laptrinhgame\assignment\CoCaNgua\proj.win32\Debug.win32\CoCaNgua.win32_manifest.rc
E:\UNIVERISTY_DOC\LAPTRINHGAME\ASSIGNMENT\COCANGUA\PROJ.WIN32\DEBUG.WIN32\CONFIG.OBJ
E:\UNIVERISTY_DOC\LAPTRINHGAME\ASSIGNMENT\COCANGUA\PROJ.WIN32\DEBUG.WIN32\GAMELAYER.OBJ
E:\UNIVERISTY_DOC\LAPTRINHGAME\ASSIGNMENT\COCANGUA\PROJ.WIN32\DEBUG.WIN32\GAMELOGIC.OBJ
E:\UNIVERISTY_DOC\LAPTRINHGAME\ASSIGNMENT\COCANGUA\PROJ.WIN32\DEBUG.WIN32\GAMEOBJECT.OBJ
E:\UNIVERISTY_DOC\LAPTRINHGAME\ASSIGNMENT\COCANGUA\PROJ.WIN32\DEBUG.WIN32\GAMEOVERSCENE.OBJ
E:\UNIVERISTY_DOC\LAPTRINHGAME\ASSIGNMENT\COCANGUA\PROJ.WIN32\DEBUG.WIN32\GAMESCENE.OBJ
E:\UNIVERISTY_DOC\LAPTRINHGAME\ASSIGNMENT\COCANGUA\PROJ.WIN32\DEBUG.WIN32\GAMEWINSCENE.OBJ
E:\UNIVERISTY_DOC\LAPTRINHGAME\ASSIGNMENT\COCANGUA\PROJ.WIN32\DEBUG.WIN32\HELLOWORLDSCENE.OBJ
E:\UNIVERISTY_DOC\LAPTRINHGAME\ASSIGNMENT\COCANGUA\PROJ.WIN32\DEBUG.WIN32\HELPSCENE.OBJ
E:\Univeristy_doc\Laptrinhgame\assignment\CoCaNgua\proj.win32\Debug.win32\link.1636.read.1.tlog
E:\Univeristy_doc\Laptrinhgame\assignment\CoCaNgua\proj.win32\Debug.win32\link.1636.write.1.tlog
E:\Univeristy_doc\Laptrinhgame\assignment\CoCaNgua\proj.win32\Debug.win32\link.1636-cvtres.read.1.tlog
E:\Univeristy_doc\Laptrinhgame\assignment\CoCaNgua\proj.win32\Debug.win32\link.1636-cvtres.write.1.tlog
E:\Univeristy_doc\Laptrinhgame\assignment\CoCaNgua\proj.win32\Debug.win32\link.2464.read.1.tlog
E:\Univeristy_doc\Laptrinhgame\assignment\CoCaNgua\proj.win32\Debug.win32\link.2464.write.1.tlog
E:\Univeristy_doc\Laptrinhgame\assignment\CoCaNgua\proj.win32\Debug.win32\link.2464-cvtres.read.1.tlog
E:\Univeristy_doc\Laptrinhgame\assignment\CoCaNgua\proj.win32\Debug.win32\link.2464-cvtres.write.1.tlog
E:\Univeristy_doc\Laptrinhgame\assignment\CoCaNgua\proj.win32\Debug.win32\link.2928.read.1.tlog
E:\Univeristy_doc\Laptrinhgame\assignment\CoCaNgua\proj.win32\Debug.win32\link.2928.write.1.tlog
E:\Univeristy_doc\Laptrinhgame\assignment\CoCaNgua\proj.win32\Debug.win32\link.2928-cvtres.read.1.tlog
E:\Univeristy_doc\Laptrinhgame\assignment\CoCaNgua\proj.win32\Debug.win32\link.2928-cvtres.write.1.tlog
E:\Univeristy_doc\Laptrinhgame\assignment\CoCaNgua\proj.win32\Debug.win32\link.2968.read.1.tlog
E:\Univeristy_doc\Laptrinhgame\assignment\CoCaNgua\proj.win32\Debug.win32\link.2968.write.1.tlog
E:\Univeristy_doc\Laptrinhgame\assignment\CoCaNgua\proj.win32\Debug.win32\link.2968-cvtres.read.1.tlog
E:\Univeristy_doc\Laptrinhgame\assignment\CoCaNgua\proj.win32\Debug.win32\link.2968-cvtres.write.1.tlog
E:\Univeristy_doc\Laptrinhgame\assignment\CoCaNgua\proj.win32\Debug.win32\link.4148.read.1.tlog
E:\Univeristy_doc\Laptrinhgame\assignment\CoCaNgua\proj.win32\Debug.win32\link.4148.write.1.tlog
E:\Univeristy_doc\Laptrinhgame\assignment\CoCaNgua\proj.win32\Debug.win32\link.4148-cvtres.read.1.tlog
E:\Univeristy_doc\Laptrinhgame\assignment\CoCaNgua\proj.win32\Debug.win32\link.4148-cvtres.write.1.tlog
E:\Univeristy_doc\Laptrinhgame\assignment\CoCaNgua\proj.win32\Debug.win32\link.4204.read.1.tlog
E:\Univeristy_doc\Laptrinhgame\assignment\CoCaNgua\proj.win32\Debug.win32\link.4204.write.1.tlog
E:\Univeristy_doc\Laptrinhgame\assignment\CoCaNgua\proj.win32\Debug.win32\link.4204-cvtres.read.1.tlog
E:\Univeristy_doc\Laptrinhgame\assignment\CoCaNgua\proj.win32\Debug.win32\link.4204-cvtres.write.1.tlog
E:\Univeristy_doc\Laptrinhgame\assignment\CoCaNgua\proj.win32\Debug.win32\link.4300.read.1.tlog
E:\Univeristy_doc\Laptrinhgame\assignment\CoCaNgua\proj.win32\Debug.win32\link.4300.write.1.tlog
E:\Univeristy_doc\Laptrinhgame\assignment\CoCaNgua\proj.win32\Debug.win32\link.4300-cvtres.read.1.tlog
E:\Univeristy_doc\Laptrinhgame\assignment\CoCaNgua\proj.win32\Debug.win32\link.4300-cvtres.write.1.tlog
E:\Univeristy_doc\Laptrinhgame\assignment\CoCaNgua\proj.win32\Debug.win32\link.4436.read.1.tlog
E:\Univeristy_doc\Laptrinhgame\assignment\CoCaNgua\proj.win32\Debug.win32\link.4436.write.1.tlog
E:\Univeristy_doc\Laptrinhgame\assignment\CoCaNgua\proj.win32\Debug.win32\link.4436-cvtres.read.1.tlog
E:\Univeristy_doc\Laptrinhgame\assignment\CoCaNgua\proj.win32\Debug.win32\link.4436-cvtres.write.1.tlog
E:\Univeristy_doc\Laptrinhgame\assignment\CoCaNgua\proj.win32\Debug.win32\link.60.read.1.tlog
E:\Univeristy_doc\Laptrinhgame\assignment\CoCaNgua\proj.win32\Debug.win32\link.60.write.1.tlog
E:\Univeristy_doc\Laptrinhgame\assignment\CoCaNgua\proj.win32\Debug.win32\link.60-cvtres.read.1.tlog
E:\Univeristy_doc\Laptrinhgame\assignment\CoCaNgua\proj.win32\Debug.win32\link.60-cvtres.write.1.tlog
E:\Univeristy_doc\Laptrinhgame\assignment\CoCaNgua\proj.win32\Debug.win32\link.command.1.tlog
E:\Univeristy_doc\Laptrinhgame\assignment\CoCaNgua\proj.win32\Debug.win32\link.read.1.tlog
E:\Univeristy_doc\Laptrinhgame\assignment\CoCaNgua\proj.win32\Debug.win32\link.write.1.tlog
E:\Univeristy_doc\Laptrinhgame\assignment\CoCaNgua\proj.win32\Debug.win32\link-cvtres.read.1.tlog
E:\Univeristy_doc\Laptrinhgame\assignment\CoCaNgua\proj.win32\Debug.win32\link-cvtres.write.1.tlog
E:\UNIVERISTY_DOC\LAPTRINHGAME\ASSIGNMENT\COCANGUA\PROJ.WIN32\DEBUG.WIN32\MAIN.OBJ
E:\UNIVERISTY_DOC\LAPTRINHGAME\ASSIGNMENT\COCANGUA\PROJ.WIN32\DEBUG.WIN32\MAPLOCATION.OBJ
E:\UNIVERISTY_DOC\LAPTRINHGAME\ASSIGNMENT\COCANGUA\PROJ.WIN32\DEBUG.WIN32\MENUSCENE.OBJ
E:\Univeristy_doc\Laptrinhgame\assignment\CoCaNgua\proj.win32\Debug.win32\mt.command.1.tlog
E:\Univeristy_doc\Laptrinhgame\assignment\CoCaNgua\proj.win32\Debug.win32\mt.read.1.tlog
E:\Univeristy_doc\Laptrinhgame\assignment\CoCaNgua\proj.win32\Debug.win32\mt.write.1.tlog
E:\UNIVERISTY_DOC\LAPTRINHGAME\ASSIGNMENT\COCANGUA\PROJ.WIN32\DEBUG.WIN32\MUSICHELPER.OBJ
E:\UNIVERISTY_DOC\LAPTRINHGAME\ASSIGNMENT\COCANGUA\PROJ.WIN32\DEBUG.WIN32\OPTIONSCENE.OBJ
E:\Univeristy_doc\Laptrinhgame\assignment\CoCaNgua\proj.win32\Debug.win32\rc.command.1.tlog
E:\Univeristy_doc\Laptrinhgame\assignment\CoCaNgua\proj.win32\Debug.win32\rc.read.1.tlog
E:\Univeristy_doc\Laptrinhgame\assignment\CoCaNgua\proj.win32\Debug.win32\rc.write.1.tlog
E:\UNIVERISTY_DOC\LAPTRINHGAME\ASSIGNMENT\COCANGUA\PROJ.WIN32\DEBUG.WIN32\RULESCENE.OBJ
E:\UNIVERISTY_DOC\LAPTRINHGAME\ASSIGNMENT\COCANGUA\PROJ.WIN32\DEBUG.WIN32\TRAILERSCENE.OBJ
E:\UNIVERISTY_DOC\LAPTRINHGAME\ASSIGNMENT\COCANGUA\PROJ.WIN32\DEBUG.WIN32\UNDERBUILDINGSCENE.OBJ
E:\Univeristy_doc\Laptrinhgame\assignment\CoCaNgua\proj.win32\Debug.win32\vc100.idb
E:\UNIVERISTY_DOC\LAPTRINHGAME\ASSIGNMENT\COCANGUA\PROJ.WIN32\DEBUG.WIN32\VC100.PDB
E:\UNIVERISTY_DOC\LAPTRINHGAME\COCOS2D-2.0-X-2.0.3\DEBUG.WIN32\COCANGUA.WIN32.EXE
E:\UNIVERISTY_DOC\LAPTRINHGAME\COCOS2D-2.0-X-2.0.3\DEBUG.WIN32\COCANGUA.WIN32.ILK
E:\UNIVERISTY_DOC\LAPTRINHGAME\COCOS2D-2.0-X-2.0.3\DEBUG.WIN32\COCANGUA.WIN32.PDB
